<?xml version="1.0" encoding="UTF-8"?>
<!-- Generated by org.testng.reporters.JUnitXMLReporter -->
<testsuite hostname="DESKTOP-6GG2TDV" ignored="0" name="newtours.demoaut test case" tests="6" failures="1" timestamp="15 May 2018 17:17:52 GMT" time="82.323" errors="0">
  <testcase name="validateloginPageTitle" time="0.037" classname="com.newtours.testcase.LoginPageTest">
    <skipped/>
  </testcase> <!-- validateloginPageTitle -->
  <testcase name="validateloginPageTitle" time="0.042" classname="com.newtours.testcase.LoginPageTest">
    <skipped/>
  </testcase> <!-- validateloginPageTitle -->
  <testcase name="validateloginPageTitle" time="0.024" classname="com.newtours.testcase.LoginPageTest">
    <skipped/>
  </testcase> <!-- validateloginPageTitle -->
  <testcase name="validateloginPageTitle" time="0.042" classname="com.newtours.testcase.LoginPageTest">
    <failure type="java.lang.AssertionError" message="expected [Hello vivek Welcome: Mercury Tours] but found [Welcome: Mercury Tours]">
      <![CDATA[java.lang.AssertionError: expected [Hello vivek Welcome: Mercury Tours] but found [Welcome: Mercury Tours]
	at com.newtours.testcase.LoginPageTest.validateloginPageTitle(LoginPageTest.java:36)
... Removed 31 stack frames]]>
    </failure>
  </testcase> <!-- validateloginPageTitle -->
  <testcase name="CheckFindAFlightTextIsAvailable" time="0.198" classname="com.newtours.testcase.LoginPageTest"/>
  <testcase name="ClickOnRegistrationButton" time="0.147" classname="com.newtours.testcase.LoginPageTest"/>
</testsuite> <!-- newtours.demoaut test case -->
