<?xml version="1.0" encoding="UTF-8"?>
<testng-results skipped="3" failed="1" ignored="0" total="6" passed="2">
  <reporter-output>
  </reporter-output>
  <suite name="newtours.demoaut automation test Suite" duration-ms="82323" started-at="2018-05-15T17:16:30Z" finished-at="2018-05-15T17:17:52Z">
    <groups>
    </groups>
    <test name="newtours.demoaut test case" duration-ms="82323" started-at="2018-05-15T17:16:30Z" finished-at="2018-05-15T17:17:52Z">
      <class name="com.newtours.testcase.LoginPageTest">
        <test-method status="PASS" signature="Setup()[pri:0, instance:com.newtours.testcase.LoginPageTest@527740a2]" name="Setup" is-config="true" duration-ms="12206" started-at="2018-05-15T22:46:30Z" finished-at="2018-05-15T22:46:42Z">
          <reporter-output>
          </reporter-output>
        </test-method> <!-- Setup -->
        <test-method status="SKIP" signature="validateloginPageTitle()[pri:1, instance:com.newtours.testcase.LoginPageTest@527740a2]" name="validateloginPageTitle" duration-ms="37" started-at="2018-05-15T22:46:42Z" finished-at="2018-05-15T22:46:42Z">
          <exception class="java.lang.AssertionError">
            <message>
              <![CDATA[expected [Hello vivek Welcome: Mercury Tours] but found [Welcome: Mercury Tours]]]>
            </message>
            <full-stacktrace>
              <![CDATA[java.lang.AssertionError: expected [Hello vivek Welcome: Mercury Tours] but found [Welcome: Mercury Tours]
	at org.testng.Assert.fail(Assert.java:94)
	at org.testng.Assert.failNotEquals(Assert.java:513)
	at org.testng.Assert.assertEqualsImpl(Assert.java:135)
	at org.testng.Assert.assertEquals(Assert.java:116)
	at org.testng.Assert.assertEquals(Assert.java:190)
	at org.testng.Assert.assertEquals(Assert.java:200)
	at com.newtours.testcase.LoginPageTest.validateloginPageTitle(LoginPageTest.java:36)
	at sun.reflect.NativeMethodAccessorImpl.invoke0(Native Method)
	at sun.reflect.NativeMethodAccessorImpl.invoke(NativeMethodAccessorImpl.java:62)
	at sun.reflect.DelegatingMethodAccessorImpl.invoke(DelegatingMethodAccessorImpl.java:43)
	at java.lang.reflect.Method.invoke(Method.java:497)
	at org.testng.internal.MethodInvocationHelper.invokeMethod(MethodInvocationHelper.java:104)
	at org.testng.internal.Invoker.invokeMethod(Invoker.java:645)
	at org.testng.internal.Invoker.invokeTestMethod(Invoker.java:851)
	at org.testng.internal.Invoker.invokeTestMethods(Invoker.java:1177)
	at org.testng.internal.TestMethodWorker.invokeTestMethods(TestMethodWorker.java:129)
	at org.testng.internal.TestMethodWorker.run(TestMethodWorker.java:112)
	at org.testng.TestRunner.privateRun(TestRunner.java:756)
	at org.testng.TestRunner.run(TestRunner.java:610)
	at org.testng.SuiteRunner.runTest(SuiteRunner.java:387)
	at org.testng.SuiteRunner.runSequentially(SuiteRunner.java:382)
	at org.testng.SuiteRunner.privateRun(SuiteRunner.java:340)
	at org.testng.SuiteRunner.run(SuiteRunner.java:289)
	at org.testng.SuiteRunnerWorker.runSuite(SuiteRunnerWorker.java:52)
	at org.testng.SuiteRunnerWorker.run(SuiteRunnerWorker.java:86)
	at org.testng.TestNG.runSuitesSequentially(TestNG.java:1293)
	at org.testng.TestNG.runSuitesLocally(TestNG.java:1218)
	at org.testng.TestNG.runSuites(TestNG.java:1133)
	at org.testng.TestNG.run(TestNG.java:1104)
	at org.testng.remote.AbstractRemoteTestNG.run(AbstractRemoteTestNG.java:114)
	at org.testng.remote.RemoteTestNG.initAndRun(RemoteTestNG.java:251)
	at org.testng.remote.RemoteTestNG.main(RemoteTestNG.java:77)
]]>
            </full-stacktrace>
          </exception> <!-- java.lang.AssertionError -->
          <reporter-output>
          </reporter-output>
        </test-method> <!-- validateloginPageTitle -->
        <test-method status="PASS" signature="Teardown()[pri:0, instance:com.newtours.testcase.LoginPageTest@527740a2]" name="Teardown" is-config="true" duration-ms="702" started-at="2018-05-15T22:46:42Z" finished-at="2018-05-15T22:46:43Z">
          <reporter-output>
          </reporter-output>
        </test-method> <!-- Teardown -->
        <test-method status="PASS" signature="Setup()[pri:0, instance:com.newtours.testcase.LoginPageTest@527740a2]" name="Setup" is-config="true" duration-ms="11946" started-at="2018-05-15T22:46:43Z" finished-at="2018-05-15T22:46:55Z">
          <reporter-output>
          </reporter-output>
        </test-method> <!-- Setup -->
        <test-method status="SKIP" signature="validateloginPageTitle()[pri:1, instance:com.newtours.testcase.LoginPageTest@527740a2]" name="validateloginPageTitle" duration-ms="42" started-at="2018-05-15T22:46:55Z" finished-at="2018-05-15T22:46:55Z">
          <exception class="java.lang.AssertionError">
            <message>
              <![CDATA[expected [Hello vivek Welcome: Mercury Tours] but found [Welcome: Mercury Tours]]]>
            </message>
            <full-stacktrace>
              <![CDATA[java.lang.AssertionError: expected [Hello vivek Welcome: Mercury Tours] but found [Welcome: Mercury Tours]
	at org.testng.Assert.fail(Assert.java:94)
	at org.testng.Assert.failNotEquals(Assert.java:513)
	at org.testng.Assert.assertEqualsImpl(Assert.java:135)
	at org.testng.Assert.assertEquals(Assert.java:116)
	at org.testng.Assert.assertEquals(Assert.java:190)
	at org.testng.Assert.assertEquals(Assert.java:200)
	at com.newtours.testcase.LoginPageTest.validateloginPageTitle(LoginPageTest.java:36)
	at sun.reflect.NativeMethodAccessorImpl.invoke0(Native Method)
	at sun.reflect.NativeMethodAccessorImpl.invoke(NativeMethodAccessorImpl.java:62)
	at sun.reflect.DelegatingMethodAccessorImpl.invoke(DelegatingMethodAccessorImpl.java:43)
	at java.lang.reflect.Method.invoke(Method.java:497)
	at org.testng.internal.MethodInvocationHelper.invokeMethod(MethodInvocationHelper.java:104)
	at org.testng.internal.Invoker.invokeMethod(Invoker.java:645)
	at org.testng.internal.Invoker.retryFailed(Invoker.java:998)
	at org.testng.internal.Invoker.invokeTestMethods(Invoker.java:1200)
	at org.testng.internal.TestMethodWorker.invokeTestMethods(TestMethodWorker.java:129)
	at org.testng.internal.TestMethodWorker.run(TestMethodWorker.java:112)
	at org.testng.TestRunner.privateRun(TestRunner.java:756)
	at org.testng.TestRunner.run(TestRunner.java:610)
	at org.testng.SuiteRunner.runTest(SuiteRunner.java:387)
	at org.testng.SuiteRunner.runSequentially(SuiteRunner.java:382)
	at org.testng.SuiteRunner.privateRun(SuiteRunner.java:340)
	at org.testng.SuiteRunner.run(SuiteRunner.java:289)
	at org.testng.SuiteRunnerWorker.runSuite(SuiteRunnerWorker.java:52)
	at org.testng.SuiteRunnerWorker.run(SuiteRunnerWorker.java:86)
	at org.testng.TestNG.runSuitesSequentially(TestNG.java:1293)
	at org.testng.TestNG.runSuitesLocally(TestNG.java:1218)
	at org.testng.TestNG.runSuites(TestNG.java:1133)
	at org.testng.TestNG.run(TestNG.java:1104)
	at org.testng.remote.AbstractRemoteTestNG.run(AbstractRemoteTestNG.java:114)
	at org.testng.remote.RemoteTestNG.initAndRun(RemoteTestNG.java:251)
	at org.testng.remote.RemoteTestNG.main(RemoteTestNG.java:77)
]]>
            </full-stacktrace>
          </exception> <!-- java.lang.AssertionError -->
          <reporter-output>
          </reporter-output>
        </test-method> <!-- validateloginPageTitle -->
        <test-method status="PASS" signature="Teardown()[pri:0, instance:com.newtours.testcase.LoginPageTest@527740a2]" name="Teardown" is-config="true" duration-ms="373" started-at="2018-05-15T22:46:55Z" finished-at="2018-05-15T22:46:55Z">
          <reporter-output>
          </reporter-output>
        </test-method> <!-- Teardown -->
        <test-method status="PASS" signature="Setup()[pri:0, instance:com.newtours.testcase.LoginPageTest@527740a2]" name="Setup" is-config="true" duration-ms="12706" started-at="2018-05-15T22:46:55Z" finished-at="2018-05-15T22:47:08Z">
          <reporter-output>
          </reporter-output>
        </test-method> <!-- Setup -->
        <test-method status="SKIP" signature="validateloginPageTitle()[pri:1, instance:com.newtours.testcase.LoginPageTest@527740a2]" name="validateloginPageTitle" duration-ms="24" started-at="2018-05-15T22:47:08Z" finished-at="2018-05-15T22:47:08Z">
          <exception class="java.lang.AssertionError">
            <message>
              <![CDATA[expected [Hello vivek Welcome: Mercury Tours] but found [Welcome: Mercury Tours]]]>
            </message>
            <full-stacktrace>
              <![CDATA[java.lang.AssertionError: expected [Hello vivek Welcome: Mercury Tours] but found [Welcome: Mercury Tours]
	at org.testng.Assert.fail(Assert.java:94)
	at org.testng.Assert.failNotEquals(Assert.java:513)
	at org.testng.Assert.assertEqualsImpl(Assert.java:135)
	at org.testng.Assert.assertEquals(Assert.java:116)
	at org.testng.Assert.assertEquals(Assert.java:190)
	at org.testng.Assert.assertEquals(Assert.java:200)
	at com.newtours.testcase.LoginPageTest.validateloginPageTitle(LoginPageTest.java:36)
	at sun.reflect.NativeMethodAccessorImpl.invoke0(Native Method)
	at sun.reflect.NativeMethodAccessorImpl.invoke(NativeMethodAccessorImpl.java:62)
	at sun.reflect.DelegatingMethodAccessorImpl.invoke(DelegatingMethodAccessorImpl.java:43)
	at java.lang.reflect.Method.invoke(Method.java:497)
	at org.testng.internal.MethodInvocationHelper.invokeMethod(MethodInvocationHelper.java:104)
	at org.testng.internal.Invoker.invokeMethod(Invoker.java:645)
	at org.testng.internal.Invoker.retryFailed(Invoker.java:998)
	at org.testng.internal.Invoker.invokeTestMethods(Invoker.java:1200)
	at org.testng.internal.TestMethodWorker.invokeTestMethods(TestMethodWorker.java:129)
	at org.testng.internal.TestMethodWorker.run(TestMethodWorker.java:112)
	at org.testng.TestRunner.privateRun(TestRunner.java:756)
	at org.testng.TestRunner.run(TestRunner.java:610)
	at org.testng.SuiteRunner.runTest(SuiteRunner.java:387)
	at org.testng.SuiteRunner.runSequentially(SuiteRunner.java:382)
	at org.testng.SuiteRunner.privateRun(SuiteRunner.java:340)
	at org.testng.SuiteRunner.run(SuiteRunner.java:289)
	at org.testng.SuiteRunnerWorker.runSuite(SuiteRunnerWorker.java:52)
	at org.testng.SuiteRunnerWorker.run(SuiteRunnerWorker.java:86)
	at org.testng.TestNG.runSuitesSequentially(TestNG.java:1293)
	at org.testng.TestNG.runSuitesLocally(TestNG.java:1218)
	at org.testng.TestNG.runSuites(TestNG.java:1133)
	at org.testng.TestNG.run(TestNG.java:1104)
	at org.testng.remote.AbstractRemoteTestNG.run(AbstractRemoteTestNG.java:114)
	at org.testng.remote.RemoteTestNG.initAndRun(RemoteTestNG.java:251)
	at org.testng.remote.RemoteTestNG.main(RemoteTestNG.java:77)
]]>
            </full-stacktrace>
          </exception> <!-- java.lang.AssertionError -->
          <reporter-output>
          </reporter-output>
        </test-method> <!-- validateloginPageTitle -->
        <test-method status="PASS" signature="Teardown()[pri:0, instance:com.newtours.testcase.LoginPageTest@527740a2]" name="Teardown" is-config="true" duration-ms="617" started-at="2018-05-15T22:47:08Z" finished-at="2018-05-15T22:47:08Z">
          <reporter-output>
          </reporter-output>
        </test-method> <!-- Teardown -->
        <test-method status="PASS" signature="Setup()[pri:0, instance:com.newtours.testcase.LoginPageTest@527740a2]" name="Setup" is-config="true" duration-ms="16169" started-at="2018-05-15T22:47:08Z" finished-at="2018-05-15T22:47:25Z">
          <reporter-output>
          </reporter-output>
        </test-method> <!-- Setup -->
        <test-method status="FAIL" signature="validateloginPageTitle()[pri:1, instance:com.newtours.testcase.LoginPageTest@527740a2]" name="validateloginPageTitle" duration-ms="42" started-at="2018-05-15T22:47:25Z" finished-at="2018-05-15T22:47:25Z">
          <exception class="java.lang.AssertionError">
            <message>
              <![CDATA[expected [Hello vivek Welcome: Mercury Tours] but found [Welcome: Mercury Tours]]]>
            </message>
            <full-stacktrace>
              <![CDATA[java.lang.AssertionError: expected [Hello vivek Welcome: Mercury Tours] but found [Welcome: Mercury Tours]
	at org.testng.Assert.fail(Assert.java:94)
	at org.testng.Assert.failNotEquals(Assert.java:513)
	at org.testng.Assert.assertEqualsImpl(Assert.java:135)
	at org.testng.Assert.assertEquals(Assert.java:116)
	at org.testng.Assert.assertEquals(Assert.java:190)
	at org.testng.Assert.assertEquals(Assert.java:200)
	at com.newtours.testcase.LoginPageTest.validateloginPageTitle(LoginPageTest.java:36)
	at sun.reflect.NativeMethodAccessorImpl.invoke0(Native Method)
	at sun.reflect.NativeMethodAccessorImpl.invoke(NativeMethodAccessorImpl.java:62)
	at sun.reflect.DelegatingMethodAccessorImpl.invoke(DelegatingMethodAccessorImpl.java:43)
	at java.lang.reflect.Method.invoke(Method.java:497)
	at org.testng.internal.MethodInvocationHelper.invokeMethod(MethodInvocationHelper.java:104)
	at org.testng.internal.Invoker.invokeMethod(Invoker.java:645)
	at org.testng.internal.Invoker.retryFailed(Invoker.java:998)
	at org.testng.internal.Invoker.invokeTestMethods(Invoker.java:1200)
	at org.testng.internal.TestMethodWorker.invokeTestMethods(TestMethodWorker.java:129)
	at org.testng.internal.TestMethodWorker.run(TestMethodWorker.java:112)
	at org.testng.TestRunner.privateRun(TestRunner.java:756)
	at org.testng.TestRunner.run(TestRunner.java:610)
	at org.testng.SuiteRunner.runTest(SuiteRunner.java:387)
	at org.testng.SuiteRunner.runSequentially(SuiteRunner.java:382)
	at org.testng.SuiteRunner.privateRun(SuiteRunner.java:340)
	at org.testng.SuiteRunner.run(SuiteRunner.java:289)
	at org.testng.SuiteRunnerWorker.runSuite(SuiteRunnerWorker.java:52)
	at org.testng.SuiteRunnerWorker.run(SuiteRunnerWorker.java:86)
	at org.testng.TestNG.runSuitesSequentially(TestNG.java:1293)
	at org.testng.TestNG.runSuitesLocally(TestNG.java:1218)
	at org.testng.TestNG.runSuites(TestNG.java:1133)
	at org.testng.TestNG.run(TestNG.java:1104)
	at org.testng.remote.AbstractRemoteTestNG.run(AbstractRemoteTestNG.java:114)
	at org.testng.remote.RemoteTestNG.initAndRun(RemoteTestNG.java:251)
	at org.testng.remote.RemoteTestNG.main(RemoteTestNG.java:77)
]]>
            </full-stacktrace>
          </exception> <!-- java.lang.AssertionError -->
          <reporter-output>
          </reporter-output>
        </test-method> <!-- validateloginPageTitle -->
        <test-method status="PASS" signature="Teardown()[pri:0, instance:com.newtours.testcase.LoginPageTest@527740a2]" name="Teardown" is-config="true" duration-ms="461" started-at="2018-05-15T22:47:25Z" finished-at="2018-05-15T22:47:25Z">
          <reporter-output>
          </reporter-output>
        </test-method> <!-- Teardown -->
        <test-method status="PASS" signature="Setup()[pri:0, instance:com.newtours.testcase.LoginPageTest@527740a2]" name="Setup" is-config="true" duration-ms="14314" started-at="2018-05-15T22:47:25Z" finished-at="2018-05-15T22:47:40Z">
          <reporter-output>
          </reporter-output>
        </test-method> <!-- Setup -->
        <test-method status="PASS" signature="CheckFindAFlightTextIsAvailable()[pri:2, instance:com.newtours.testcase.LoginPageTest@527740a2]" name="CheckFindAFlightTextIsAvailable" duration-ms="198" started-at="2018-05-15T22:47:40Z" finished-at="2018-05-15T22:47:40Z">
          <reporter-output>
          </reporter-output>
        </test-method> <!-- CheckFindAFlightTextIsAvailable -->
        <test-method status="PASS" signature="Teardown()[pri:0, instance:com.newtours.testcase.LoginPageTest@527740a2]" name="Teardown" is-config="true" duration-ms="556" started-at="2018-05-15T22:47:40Z" finished-at="2018-05-15T22:47:40Z">
          <reporter-output>
          </reporter-output>
        </test-method> <!-- Teardown -->
        <test-method status="PASS" signature="Setup()[pri:0, instance:com.newtours.testcase.LoginPageTest@527740a2]" name="Setup" is-config="true" duration-ms="11014" started-at="2018-05-15T22:47:40Z" finished-at="2018-05-15T22:47:51Z">
          <reporter-output>
          </reporter-output>
        </test-method> <!-- Setup -->
        <test-method status="PASS" signature="ClickOnRegistrationButton()[pri:3, instance:com.newtours.testcase.LoginPageTest@527740a2]" name="ClickOnRegistrationButton" duration-ms="147" started-at="2018-05-15T22:47:51Z" finished-at="2018-05-15T22:47:52Z">
          <reporter-output>
          </reporter-output>
        </test-method> <!-- ClickOnRegistrationButton -->
        <test-method status="PASS" signature="Teardown()[pri:0, instance:com.newtours.testcase.LoginPageTest@527740a2]" name="Teardown" is-config="true" duration-ms="424" started-at="2018-05-15T22:47:52Z" finished-at="2018-05-15T22:47:52Z">
          <reporter-output>
          </reporter-output>
        </test-method> <!-- Teardown -->
      </class> <!-- com.newtours.testcase.LoginPageTest -->
    </test> <!-- newtours.demoaut test case -->
  </suite> <!-- newtours.demoaut automation test Suite -->
</testng-results>
